[ 2018-09-28T17:54:17+08:00 ] 127.0.0.1 /thinkphp/index.php?m=Home&c=Index&a=getMatchTeamByMatchId&matchId=1
INFO: [ app_init ] --START--
INFO: Run Behavior\BuildLiteBehavior [ RunTime:0.000000s ]
INFO: [ app_init ] --END-- [ RunTime:0.001000s ]
INFO: [ app_begin ] --START--
INFO: Run Behavior\ReadHtmlCacheBehavior [ RunTime:0.001000s ]
INFO: [ app_begin ] --END-- [ RunTime:0.001000s ]
SQL: SHOW COLUMNS FROM `match_list` [ RunTime:0.0030s ]
SQL: SELECT * FROM `match_list` ORDER BY name desc  [ RunTime:0.0000s ]
SQL: SHOW COLUMNS FROM `match_team` [ RunTime:0.0020s ]
SQL: SELECT `team_id` FROM `match_team` WHERE `match_id` = 1 ORDER BY team_area asc  [ RunTime:0.0000s ]
SQL: SHOW COLUMNS FROM `team_list` [ RunTime:0.0030s ]
SQL: SELECT * FROM `team_list` WHERE `id` IN ('8','9','7','6','5','4','3','12','13','11','10','1','2','14') ORDER BY name asc  [ RunTime:0.0000s ]
SQL: SHOW COLUMNS FROM `match_type` [ RunTime:0.0030s ]
SQL: SELECT * FROM `match_type` WHERE `match_id` = 1 ORDER BY id asc  [ RunTime:0.0010s ]
SQL: SHOW COLUMNS FROM `process_list` [ RunTime:0.0020s ]
SQL: SELECT * FROM `process_list` ORDER BY id asc  [ RunTime:0.0000s ]
INFO: [ app_end ] --START--
INFO: Run Behavior\ShowPageTraceBehavior [ RunTime:0.001000s ]
INFO: [ app_end ] --END-- [ RunTime:0.001000s ]

[ 2018-09-28T17:54:17+08:00 ] 127.0.0.1 /thinkphp/index.php?m=Home&c=Index&a=getMatchList
INFO: [ app_init ] --START--
INFO: Run Behavior\BuildLiteBehavior [ RunTime:0.000000s ]
INFO: [ app_init ] --END-- [ RunTime:0.001000s ]
INFO: [ app_begin ] --START--
INFO: Run Behavior\ReadHtmlCacheBehavior [ RunTime:0.001000s ]
INFO: [ app_begin ] --END-- [ RunTime:0.001000s ]
SQL: SHOW COLUMNS FROM `match_list` [ RunTime:0.0030s ]
SQL: SELECT * FROM `match_list` ORDER BY name desc  [ RunTime:0.0010s ]
INFO: [ app_end ] --START--
INFO: Run Behavior\ShowPageTraceBehavior [ RunTime:0.001000s ]
INFO: [ app_end ] --END-- [ RunTime:0.001000s ]

